
*****************************************************
Summary
-------
Generated at: 2016-03-29T17:37:52-04:00
Notes: 0
Binaries: 0
Archives: 0
Standards: 11

Apache Licensed: 11
Generated Documents: 0

JavaDocs are generated and so license header is optional
Generated files do not required license headers

0 Unknown Licenses

*******************************

Unapproved licenses:


*******************************

Archives:

*****************************************************
  Files with Apache License headers will be marked AL
  Binary files (which do not require AL headers) will be marked B
  Compressed archives will be marked A
  Notices, licenses etc will be marked N
  AL    /Users/ogbonnayacngwu/CSE2410_spring2016_projectileDysfunction/plugins/analysis-kuromoji/src/main/java/org/elasticsearch/index/analysis/JapaneseStopTokenFilterFactory.java
  AL    /Users/ogbonnayacngwu/CSE2410_spring2016_projectileDysfunction/plugins/analysis-kuromoji/src/main/java/org/elasticsearch/index/analysis/KuromojiAnalyzerProvider.java
  AL    /Users/ogbonnayacngwu/CSE2410_spring2016_projectileDysfunction/plugins/analysis-kuromoji/src/main/java/org/elasticsearch/index/analysis/KuromojiBaseFormFilterFactory.java
  AL    /Users/ogbonnayacngwu/CSE2410_spring2016_projectileDysfunction/plugins/analysis-kuromoji/src/main/java/org/elasticsearch/index/analysis/KuromojiIterationMarkCharFilterFactory.java
  AL    /Users/ogbonnayacngwu/CSE2410_spring2016_projectileDysfunction/plugins/analysis-kuromoji/src/main/java/org/elasticsearch/index/analysis/KuromojiKatakanaStemmerFactory.java
  AL    /Users/ogbonnayacngwu/CSE2410_spring2016_projectileDysfunction/plugins/analysis-kuromoji/src/main/java/org/elasticsearch/index/analysis/KuromojiPartOfSpeechFilterFactory.java
  AL    /Users/ogbonnayacngwu/CSE2410_spring2016_projectileDysfunction/plugins/analysis-kuromoji/src/main/java/org/elasticsearch/index/analysis/KuromojiReadingFormFilterFactory.java
  AL    /Users/ogbonnayacngwu/CSE2410_spring2016_projectileDysfunction/plugins/analysis-kuromoji/src/main/java/org/elasticsearch/index/analysis/KuromojiTokenizerFactory.java
  AL    /Users/ogbonnayacngwu/CSE2410_spring2016_projectileDysfunction/plugins/analysis-kuromoji/src/main/java/org/elasticsearch/plugin/analysis/kuromoji/AnalysisKuromojiPlugin.java
  AL    /Users/ogbonnayacngwu/CSE2410_spring2016_projectileDysfunction/plugins/analysis-kuromoji/src/test/java/org/elasticsearch/index/analysis/AnalysisKuromojiRestIT.java
  AL    /Users/ogbonnayacngwu/CSE2410_spring2016_projectileDysfunction/plugins/analysis-kuromoji/src/test/java/org/elasticsearch/index/analysis/KuromojiAnalysisTests.java
 
*****************************************************
 Printing headers for files without AL header...
 
 