
*****************************************************
Summary
-------
Generated at: 2016-04-18T03:12:35-04:00
Notes: 0
Binaries: 0
Archives: 0
Standards: 6

Apache Licensed: 6
Generated Documents: 0

JavaDocs are generated and so license header is optional
Generated files do not required license headers

0 Unknown Licenses

*******************************

Unapproved licenses:


*******************************

Archives:

*****************************************************
  Files with Apache License headers will be marked AL
  Binary files (which do not require AL headers) will be marked B
  Compressed archives will be marked A
  Notices, licenses etc will be marked N
  AL    /Users/lwiskowski/CSE2410_spring2016_projectileDysfunction/plugins/analysis-smartcn/src/main/java/org/elasticsearch/index/analysis/SmartChineseAnalyzerProvider.java
  AL    /Users/lwiskowski/CSE2410_spring2016_projectileDysfunction/plugins/analysis-smartcn/src/main/java/org/elasticsearch/index/analysis/SmartChineseNoOpTokenFilterFactory.java
  AL    /Users/lwiskowski/CSE2410_spring2016_projectileDysfunction/plugins/analysis-smartcn/src/main/java/org/elasticsearch/index/analysis/SmartChineseTokenizerTokenizerFactory.java
  AL    /Users/lwiskowski/CSE2410_spring2016_projectileDysfunction/plugins/analysis-smartcn/src/main/java/org/elasticsearch/plugin/analysis/smartcn/AnalysisSmartChinesePlugin.java
  AL    /Users/lwiskowski/CSE2410_spring2016_projectileDysfunction/plugins/analysis-smartcn/src/test/java/org/elasticsearch/index/analysis/AnalysisSmartChineseRestIT.java
  AL    /Users/lwiskowski/CSE2410_spring2016_projectileDysfunction/plugins/analysis-smartcn/src/test/java/org/elasticsearch/index/analysis/SimpleSmartChineseAnalysisTests.java
 
*****************************************************
 Printing headers for files without AL header...
 
 