
*****************************************************
Summary
-------
Generated at: 2016-04-18T03:11:29-04:00
Notes: 0
Binaries: 0
Archives: 0
Standards: 1

Apache Licensed: 1
Generated Documents: 0

JavaDocs are generated and so license header is optional
Generated files do not required license headers

0 Unknown Licenses

*******************************

Unapproved licenses:


*******************************

Archives:

*****************************************************
  Files with Apache License headers will be marked AL
  Binary files (which do not require AL headers) will be marked B
  Compressed archives will be marked A
  Notices, licenses etc will be marked N
  AL    /Users/lwiskowski/CSE2410_spring2016_projectileDysfunction/distribution/zip/src/test/java/org/elasticsearch/test/rest/RestIT.java
 
*****************************************************
 Printing headers for files without AL header...
 
 