
*****************************************************
Summary
-------
Generated at: 2016-03-29T17:34:17-04:00
Notes: 0
Binaries: 0
Archives: 0
Standards: 16

Apache Licensed: 16
Generated Documents: 0

JavaDocs are generated and so license header is optional
Generated files do not required license headers

0 Unknown Licenses

*******************************

Unapproved licenses:


*******************************

Archives:

*****************************************************
  Files with Apache License headers will be marked AL
  Binary files (which do not require AL headers) will be marked B
  Compressed archives will be marked A
  Notices, licenses etc will be marked N
  AL    /Users/ogbonnayacngwu/CSE2410_spring2016_projectileDysfunction/modules/lang-expression/src/main/java/org/elasticsearch/script/expression/CountMethodFunctionValues.java
  AL    /Users/ogbonnayacngwu/CSE2410_spring2016_projectileDysfunction/modules/lang-expression/src/main/java/org/elasticsearch/script/expression/CountMethodValueSource.java
  AL    /Users/ogbonnayacngwu/CSE2410_spring2016_projectileDysfunction/modules/lang-expression/src/main/java/org/elasticsearch/script/expression/DateMethodFunctionValues.java
  AL    /Users/ogbonnayacngwu/CSE2410_spring2016_projectileDysfunction/modules/lang-expression/src/main/java/org/elasticsearch/script/expression/DateMethodValueSource.java
  AL    /Users/ogbonnayacngwu/CSE2410_spring2016_projectileDysfunction/modules/lang-expression/src/main/java/org/elasticsearch/script/expression/ExpressionExecutableScript.java
  AL    /Users/ogbonnayacngwu/CSE2410_spring2016_projectileDysfunction/modules/lang-expression/src/main/java/org/elasticsearch/script/expression/ExpressionPlugin.java
  AL    /Users/ogbonnayacngwu/CSE2410_spring2016_projectileDysfunction/modules/lang-expression/src/main/java/org/elasticsearch/script/expression/ExpressionScriptEngineService.java
  AL    /Users/ogbonnayacngwu/CSE2410_spring2016_projectileDysfunction/modules/lang-expression/src/main/java/org/elasticsearch/script/expression/ExpressionSearchScript.java
  AL    /Users/ogbonnayacngwu/CSE2410_spring2016_projectileDysfunction/modules/lang-expression/src/main/java/org/elasticsearch/script/expression/FieldDataFunctionValues.java
  AL    /Users/ogbonnayacngwu/CSE2410_spring2016_projectileDysfunction/modules/lang-expression/src/main/java/org/elasticsearch/script/expression/FieldDataValueSource.java
  AL    /Users/ogbonnayacngwu/CSE2410_spring2016_projectileDysfunction/modules/lang-expression/src/main/java/org/elasticsearch/script/expression/ReplaceableConstFunctionValues.java
  AL    /Users/ogbonnayacngwu/CSE2410_spring2016_projectileDysfunction/modules/lang-expression/src/main/java/org/elasticsearch/script/expression/ReplaceableConstValueSource.java
  AL    /Users/ogbonnayacngwu/CSE2410_spring2016_projectileDysfunction/modules/lang-expression/src/test/java/org/elasticsearch/script/expression/ExpressionRestIT.java
  AL    /Users/ogbonnayacngwu/CSE2410_spring2016_projectileDysfunction/modules/lang-expression/src/test/java/org/elasticsearch/script/expression/ExpressionTests.java
  AL    /Users/ogbonnayacngwu/CSE2410_spring2016_projectileDysfunction/modules/lang-expression/src/test/java/org/elasticsearch/script/expression/IndexedExpressionTests.java
  AL    /Users/ogbonnayacngwu/CSE2410_spring2016_projectileDysfunction/modules/lang-expression/src/test/java/org/elasticsearch/script/expression/MoreExpressionTests.java
 
*****************************************************
 Printing headers for files without AL header...
 
 