
*****************************************************
Summary
-------
Generated at: 2016-03-29T17:36:34-04:00
Notes: 0
Binaries: 0
Archives: 0
Standards: 12

Apache Licensed: 12
Generated Documents: 0

JavaDocs are generated and so license header is optional
Generated files do not required license headers

0 Unknown Licenses

*******************************

Unapproved licenses:


*******************************

Archives:

*****************************************************
  Files with Apache License headers will be marked AL
  Binary files (which do not require AL headers) will be marked B
  Compressed archives will be marked A
  Notices, licenses etc will be marked N
  AL    /Users/ogbonnayacngwu/CSE2410_spring2016_projectileDysfunction/modules/lang-mustache/src/main/java/org/elasticsearch/script/mustache/JsonEscapingMustacheFactory.java
  AL    /Users/ogbonnayacngwu/CSE2410_spring2016_projectileDysfunction/modules/lang-mustache/src/main/java/org/elasticsearch/script/mustache/MustachePlugin.java
  AL    /Users/ogbonnayacngwu/CSE2410_spring2016_projectileDysfunction/modules/lang-mustache/src/main/java/org/elasticsearch/script/mustache/MustacheScriptEngineService.java
  AL    /Users/ogbonnayacngwu/CSE2410_spring2016_projectileDysfunction/modules/lang-mustache/src/test/java/org/elasticsearch/messy/tests/ContextAndHeaderTransportTests.java
  AL    /Users/ogbonnayacngwu/CSE2410_spring2016_projectileDysfunction/modules/lang-mustache/src/test/java/org/elasticsearch/messy/tests/RenderSearchTemplateTests.java
  AL    /Users/ogbonnayacngwu/CSE2410_spring2016_projectileDysfunction/modules/lang-mustache/src/test/java/org/elasticsearch/messy/tests/SuggestSearchTests.java
  AL    /Users/ogbonnayacngwu/CSE2410_spring2016_projectileDysfunction/modules/lang-mustache/src/test/java/org/elasticsearch/messy/tests/TemplateQueryParserTests.java
  AL    /Users/ogbonnayacngwu/CSE2410_spring2016_projectileDysfunction/modules/lang-mustache/src/test/java/org/elasticsearch/messy/tests/TemplateQueryTests.java
  AL    /Users/ogbonnayacngwu/CSE2410_spring2016_projectileDysfunction/modules/lang-mustache/src/test/java/org/elasticsearch/messy/tests/package-info.java
  AL    /Users/ogbonnayacngwu/CSE2410_spring2016_projectileDysfunction/modules/lang-mustache/src/test/java/org/elasticsearch/script/mustache/MustacheRestIT.java
  AL    /Users/ogbonnayacngwu/CSE2410_spring2016_projectileDysfunction/modules/lang-mustache/src/test/java/org/elasticsearch/script/mustache/MustacheScriptEngineTests.java
  AL    /Users/ogbonnayacngwu/CSE2410_spring2016_projectileDysfunction/modules/lang-mustache/src/test/java/org/elasticsearch/script/mustache/MustacheTests.java
 
*****************************************************
 Printing headers for files without AL header...
 
 