
*****************************************************
Summary
-------
Generated at: 2016-04-18T03:20:53-04:00
Notes: 0
Binaries: 0
Archives: 0
Standards: 13

Apache Licensed: 13
Generated Documents: 0

JavaDocs are generated and so license header is optional
Generated files do not required license headers

0 Unknown Licenses

*******************************

Unapproved licenses:


*******************************

Archives:

*****************************************************
  Files with Apache License headers will be marked AL
  Binary files (which do not require AL headers) will be marked B
  Compressed archives will be marked A
  Notices, licenses etc will be marked N
  AL    /Users/lwiskowski/CSE2410_spring2016_projectileDysfunction/plugins/store-smb/src/main/java/org/apache/lucene/store/SmbDirectoryWrapper.java
  AL    /Users/lwiskowski/CSE2410_spring2016_projectileDysfunction/plugins/store-smb/src/main/java/org/elasticsearch/index/store/smbmmapfs/SmbMmapFsDirectoryService.java
  AL    /Users/lwiskowski/CSE2410_spring2016_projectileDysfunction/plugins/store-smb/src/main/java/org/elasticsearch/index/store/smbmmapfs/SmbMmapFsIndexStore.java
  AL    /Users/lwiskowski/CSE2410_spring2016_projectileDysfunction/plugins/store-smb/src/main/java/org/elasticsearch/index/store/smbsimplefs/SmbSimpleFsDirectoryService.java
  AL    /Users/lwiskowski/CSE2410_spring2016_projectileDysfunction/plugins/store-smb/src/main/java/org/elasticsearch/index/store/smbsimplefs/SmbSimpleFsIndexStore.java
  AL    /Users/lwiskowski/CSE2410_spring2016_projectileDysfunction/plugins/store-smb/src/main/java/org/elasticsearch/plugin/store/smb/SMBStorePlugin.java
  AL    /Users/lwiskowski/CSE2410_spring2016_projectileDysfunction/plugins/store-smb/src/test/java/org/apache/lucene/store/ESBaseDirectoryTestCase.java
  AL    /Users/lwiskowski/CSE2410_spring2016_projectileDysfunction/plugins/store-smb/src/test/java/org/apache/lucene/store/SmbMMapDirectoryTests.java
  AL    /Users/lwiskowski/CSE2410_spring2016_projectileDysfunction/plugins/store-smb/src/test/java/org/apache/lucene/store/SmbSimpleFSDirectoryTests.java
  AL    /Users/lwiskowski/CSE2410_spring2016_projectileDysfunction/plugins/store-smb/src/test/java/org/elasticsearch/index/store/AbstractAzureFsTestCase.java
  AL    /Users/lwiskowski/CSE2410_spring2016_projectileDysfunction/plugins/store-smb/src/test/java/org/elasticsearch/index/store/SMBStoreRestIT.java
  AL    /Users/lwiskowski/CSE2410_spring2016_projectileDysfunction/plugins/store-smb/src/test/java/org/elasticsearch/index/store/SmbMMapFsTests.java
  AL    /Users/lwiskowski/CSE2410_spring2016_projectileDysfunction/plugins/store-smb/src/test/java/org/elasticsearch/index/store/SmbSimpleFsTests.java
 
*****************************************************
 Printing headers for files without AL header...
 
 