
*****************************************************
Summary
-------
Generated at: 2016-03-29T17:43:42-04:00
Notes: 0
Binaries: 0
Archives: 0
Standards: 7

Apache Licensed: 7
Generated Documents: 0

JavaDocs are generated and so license header is optional
Generated files do not required license headers

0 Unknown Licenses

*******************************

Unapproved licenses:


*******************************

Archives:

*****************************************************
  Files with Apache License headers will be marked AL
  Binary files (which do not require AL headers) will be marked B
  Compressed archives will be marked A
  Notices, licenses etc will be marked N
  AL    /Users/ogbonnayacngwu/CSE2410_spring2016_projectileDysfunction/plugins/lang-python/src/main/java/org/elasticsearch/plugin/python/PythonPlugin.java
  AL    /Users/ogbonnayacngwu/CSE2410_spring2016_projectileDysfunction/plugins/lang-python/src/main/java/org/elasticsearch/script/python/PythonScriptEngineService.java
  AL    /Users/ogbonnayacngwu/CSE2410_spring2016_projectileDysfunction/plugins/lang-python/src/test/java/org/elasticsearch/script/python/LangPythonScriptRestIT.java
  AL    /Users/ogbonnayacngwu/CSE2410_spring2016_projectileDysfunction/plugins/lang-python/src/test/java/org/elasticsearch/script/python/PythonScriptEngineTests.java
  AL    /Users/ogbonnayacngwu/CSE2410_spring2016_projectileDysfunction/plugins/lang-python/src/test/java/org/elasticsearch/script/python/PythonScriptMultiThreadedTests.java
  AL    /Users/ogbonnayacngwu/CSE2410_spring2016_projectileDysfunction/plugins/lang-python/src/test/java/org/elasticsearch/script/python/PythonSecurityTests.java
  AL    /Users/ogbonnayacngwu/CSE2410_spring2016_projectileDysfunction/plugins/lang-python/src/test/java/org/elasticsearch/script/python/SimpleBench.java
 
*****************************************************
 Printing headers for files without AL header...
 
 