
*****************************************************
Summary
-------
Generated at: 2016-03-29T17:46:49-04:00
Notes: 0
Binaries: 0
Archives: 0
Standards: 23

Apache Licensed: 23
Generated Documents: 0

JavaDocs are generated and so license header is optional
Generated files do not required license headers

0 Unknown Licenses

*******************************

Unapproved licenses:


*******************************

Archives:

*****************************************************
  Files with Apache License headers will be marked AL
  Binary files (which do not require AL headers) will be marked B
  Compressed archives will be marked A
  Notices, licenses etc will be marked N
  AL    /Users/ogbonnayacngwu/CSE2410_spring2016_projectileDysfunction/plugins/repository-s3/src/main/java/org/elasticsearch/cloud/aws/AwsS3Service.java
  AL    /Users/ogbonnayacngwu/CSE2410_spring2016_projectileDysfunction/plugins/repository-s3/src/main/java/org/elasticsearch/cloud/aws/AwsSigner.java
  AL    /Users/ogbonnayacngwu/CSE2410_spring2016_projectileDysfunction/plugins/repository-s3/src/main/java/org/elasticsearch/cloud/aws/InternalAwsS3Service.java
  AL    /Users/ogbonnayacngwu/CSE2410_spring2016_projectileDysfunction/plugins/repository-s3/src/main/java/org/elasticsearch/cloud/aws/S3Module.java
  AL    /Users/ogbonnayacngwu/CSE2410_spring2016_projectileDysfunction/plugins/repository-s3/src/main/java/org/elasticsearch/cloud/aws/blobstore/DefaultS3OutputStream.java
  AL    /Users/ogbonnayacngwu/CSE2410_spring2016_projectileDysfunction/plugins/repository-s3/src/main/java/org/elasticsearch/cloud/aws/blobstore/S3BlobContainer.java
  AL    /Users/ogbonnayacngwu/CSE2410_spring2016_projectileDysfunction/plugins/repository-s3/src/main/java/org/elasticsearch/cloud/aws/blobstore/S3BlobStore.java
  AL    /Users/ogbonnayacngwu/CSE2410_spring2016_projectileDysfunction/plugins/repository-s3/src/main/java/org/elasticsearch/cloud/aws/blobstore/S3OutputStream.java
  AL    /Users/ogbonnayacngwu/CSE2410_spring2016_projectileDysfunction/plugins/repository-s3/src/main/java/org/elasticsearch/plugin/repository/s3/S3RepositoryPlugin.java
  AL    /Users/ogbonnayacngwu/CSE2410_spring2016_projectileDysfunction/plugins/repository-s3/src/main/java/org/elasticsearch/repositories/s3/S3Repository.java
  AL    /Users/ogbonnayacngwu/CSE2410_spring2016_projectileDysfunction/plugins/repository-s3/src/test/java/org/elasticsearch/cloud/aws/AWSSignersTests.java
  AL    /Users/ogbonnayacngwu/CSE2410_spring2016_projectileDysfunction/plugins/repository-s3/src/test/java/org/elasticsearch/cloud/aws/AbstractAwsTestCase.java
  AL    /Users/ogbonnayacngwu/CSE2410_spring2016_projectileDysfunction/plugins/repository-s3/src/test/java/org/elasticsearch/cloud/aws/AmazonS3Wrapper.java
  AL    /Users/ogbonnayacngwu/CSE2410_spring2016_projectileDysfunction/plugins/repository-s3/src/test/java/org/elasticsearch/cloud/aws/TestAmazonS3.java
  AL    /Users/ogbonnayacngwu/CSE2410_spring2016_projectileDysfunction/plugins/repository-s3/src/test/java/org/elasticsearch/cloud/aws/TestAwsS3Service.java
  AL    /Users/ogbonnayacngwu/CSE2410_spring2016_projectileDysfunction/plugins/repository-s3/src/test/java/org/elasticsearch/cloud/aws/blobstore/MockDefaultS3OutputStream.java
  AL    /Users/ogbonnayacngwu/CSE2410_spring2016_projectileDysfunction/plugins/repository-s3/src/test/java/org/elasticsearch/cloud/aws/blobstore/S3BlobStoreTests.java
  AL    /Users/ogbonnayacngwu/CSE2410_spring2016_projectileDysfunction/plugins/repository-s3/src/test/java/org/elasticsearch/cloud/aws/blobstore/S3OutputStreamTests.java
  AL    /Users/ogbonnayacngwu/CSE2410_spring2016_projectileDysfunction/plugins/repository-s3/src/test/java/org/elasticsearch/repositories/s3/AbstractS3SnapshotRestoreTest.java
  AL    /Users/ogbonnayacngwu/CSE2410_spring2016_projectileDysfunction/plugins/repository-s3/src/test/java/org/elasticsearch/repositories/s3/RepositoryS3RestIT.java
  AL    /Users/ogbonnayacngwu/CSE2410_spring2016_projectileDysfunction/plugins/repository-s3/src/test/java/org/elasticsearch/repositories/s3/S3ProxiedSnapshotRestoreOverHttpsTests.java
  AL    /Users/ogbonnayacngwu/CSE2410_spring2016_projectileDysfunction/plugins/repository-s3/src/test/java/org/elasticsearch/repositories/s3/S3SnapshotRestoreOverHttpTests.java
  AL    /Users/ogbonnayacngwu/CSE2410_spring2016_projectileDysfunction/plugins/repository-s3/src/test/java/org/elasticsearch/repositories/s3/S3SnapshotRestoreOverHttpsTests.java
 
*****************************************************
 Printing headers for files without AL header...
 
 