
*****************************************************
Summary
-------
Generated at: 2016-03-29T17:38:08-04:00
Notes: 0
Binaries: 0
Archives: 0
Standards: 7

Apache Licensed: 7
Generated Documents: 0

JavaDocs are generated and so license header is optional
Generated files do not required license headers

0 Unknown Licenses

*******************************

Unapproved licenses:


*******************************

Archives:

*****************************************************
  Files with Apache License headers will be marked AL
  Binary files (which do not require AL headers) will be marked B
  Compressed archives will be marked A
  Notices, licenses etc will be marked N
  AL    /Users/ogbonnayacngwu/CSE2410_spring2016_projectileDysfunction/plugins/analysis-phonetic/src/main/java/org/elasticsearch/index/analysis/PhoneticTokenFilterFactory.java
  AL    /Users/ogbonnayacngwu/CSE2410_spring2016_projectileDysfunction/plugins/analysis-phonetic/src/main/java/org/elasticsearch/index/analysis/phonetic/HaasePhonetik.java
  AL    /Users/ogbonnayacngwu/CSE2410_spring2016_projectileDysfunction/plugins/analysis-phonetic/src/main/java/org/elasticsearch/index/analysis/phonetic/KoelnerPhonetik.java
  AL    /Users/ogbonnayacngwu/CSE2410_spring2016_projectileDysfunction/plugins/analysis-phonetic/src/main/java/org/elasticsearch/index/analysis/phonetic/Nysiis.java
  AL    /Users/ogbonnayacngwu/CSE2410_spring2016_projectileDysfunction/plugins/analysis-phonetic/src/main/java/org/elasticsearch/plugin/analysis/AnalysisPhoneticPlugin.java
  AL    /Users/ogbonnayacngwu/CSE2410_spring2016_projectileDysfunction/plugins/analysis-phonetic/src/test/java/org/elasticsearch/index/analysis/AnalysisPhoneticRestIT.java
  AL    /Users/ogbonnayacngwu/CSE2410_spring2016_projectileDysfunction/plugins/analysis-phonetic/src/test/java/org/elasticsearch/index/analysis/SimplePhoneticAnalysisTests.java
 
*****************************************************
 Printing headers for files without AL header...
 
 