
*****************************************************
Summary
-------
Generated at: 2016-03-29T17:45:33-04:00
Notes: 0
Binaries: 0
Archives: 0
Standards: 6

Apache Licensed: 6
Generated Documents: 0

JavaDocs are generated and so license header is optional
Generated files do not required license headers

0 Unknown Licenses

*******************************

Unapproved licenses:


*******************************

Archives:

*****************************************************
  Files with Apache License headers will be marked AL
  Binary files (which do not require AL headers) will be marked B
  Compressed archives will be marked A
  Notices, licenses etc will be marked N
  AL    /Users/ogbonnayacngwu/CSE2410_spring2016_projectileDysfunction/plugins/mapper-size/src/main/java/org/elasticsearch/index/mapper/size/SizeFieldMapper.java
  AL    /Users/ogbonnayacngwu/CSE2410_spring2016_projectileDysfunction/plugins/mapper-size/src/main/java/org/elasticsearch/plugin/mapper/MapperSizePlugin.java
  AL    /Users/ogbonnayacngwu/CSE2410_spring2016_projectileDysfunction/plugins/mapper-size/src/test/java/org/elasticsearch/index/mapper/size/MapperSizeRestIT.java
  AL    /Users/ogbonnayacngwu/CSE2410_spring2016_projectileDysfunction/plugins/mapper-size/src/test/java/org/elasticsearch/index/mapper/size/SizeFieldMapperUpgradeTests.java
  AL    /Users/ogbonnayacngwu/CSE2410_spring2016_projectileDysfunction/plugins/mapper-size/src/test/java/org/elasticsearch/index/mapper/size/SizeMappingIT.java
  AL    /Users/ogbonnayacngwu/CSE2410_spring2016_projectileDysfunction/plugins/mapper-size/src/test/java/org/elasticsearch/index/mapper/size/SizeMappingTests.java
 
*****************************************************
 Printing headers for files without AL header...
 
 