
*****************************************************
Summary
-------
Generated at: 2016-04-18T03:16:10-04:00
Notes: 0
Binaries: 0
Archives: 0
Standards: 5

Apache Licensed: 5
Generated Documents: 0

JavaDocs are generated and so license header is optional
Generated files do not required license headers

0 Unknown Licenses

*******************************

Unapproved licenses:


*******************************

Archives:

*****************************************************
  Files with Apache License headers will be marked AL
  Binary files (which do not require AL headers) will be marked B
  Compressed archives will be marked A
  Notices, licenses etc will be marked N
  AL    /Users/lwiskowski/CSE2410_spring2016_projectileDysfunction/plugins/jvm-example/src/main/java/org/elasticsearch/plugin/example/ExampleCatAction.java
  AL    /Users/lwiskowski/CSE2410_spring2016_projectileDysfunction/plugins/jvm-example/src/main/java/org/elasticsearch/plugin/example/ExamplePluginConfiguration.java
  AL    /Users/lwiskowski/CSE2410_spring2016_projectileDysfunction/plugins/jvm-example/src/main/java/org/elasticsearch/plugin/example/JvmExamplePlugin.java
  AL    /Users/lwiskowski/CSE2410_spring2016_projectileDysfunction/plugins/jvm-example/src/test/java/org/elasticsearch/plugin/example/ExampleExternalIT.java
  AL    /Users/lwiskowski/CSE2410_spring2016_projectileDysfunction/plugins/jvm-example/src/test/java/org/elasticsearch/plugin/example/JvmExampleRestIT.java
 
*****************************************************
 Printing headers for files without AL header...
 
 