
*****************************************************
Summary
-------
Generated at: 2016-03-29T17:45:55-04:00
Notes: 0
Binaries: 0
Archives: 0
Standards: 23

Apache Licensed: 23
Generated Documents: 0

JavaDocs are generated and so license header is optional
Generated files do not required license headers

0 Unknown Licenses

*******************************

Unapproved licenses:


*******************************

Archives:

*****************************************************
  Files with Apache License headers will be marked AL
  Binary files (which do not require AL headers) will be marked B
  Compressed archives will be marked A
  Notices, licenses etc will be marked N
  AL    /Users/ogbonnayacngwu/CSE2410_spring2016_projectileDysfunction/plugins/repository-azure/src/main/java/org/elasticsearch/cloud/azure/AzureRepositoryModule.java
  AL    /Users/ogbonnayacngwu/CSE2410_spring2016_projectileDysfunction/plugins/repository-azure/src/main/java/org/elasticsearch/cloud/azure/AzureServiceDisableException.java
  AL    /Users/ogbonnayacngwu/CSE2410_spring2016_projectileDysfunction/plugins/repository-azure/src/main/java/org/elasticsearch/cloud/azure/AzureServiceRemoteException.java
  AL    /Users/ogbonnayacngwu/CSE2410_spring2016_projectileDysfunction/plugins/repository-azure/src/main/java/org/elasticsearch/cloud/azure/blobstore/AzureBlobContainer.java
  AL    /Users/ogbonnayacngwu/CSE2410_spring2016_projectileDysfunction/plugins/repository-azure/src/main/java/org/elasticsearch/cloud/azure/blobstore/AzureBlobStore.java
  AL    /Users/ogbonnayacngwu/CSE2410_spring2016_projectileDysfunction/plugins/repository-azure/src/main/java/org/elasticsearch/cloud/azure/blobstore/AzureOutputStream.java
  AL    /Users/ogbonnayacngwu/CSE2410_spring2016_projectileDysfunction/plugins/repository-azure/src/main/java/org/elasticsearch/cloud/azure/storage/AzureStorageService.java
  AL    /Users/ogbonnayacngwu/CSE2410_spring2016_projectileDysfunction/plugins/repository-azure/src/main/java/org/elasticsearch/cloud/azure/storage/AzureStorageServiceImpl.java
  AL    /Users/ogbonnayacngwu/CSE2410_spring2016_projectileDysfunction/plugins/repository-azure/src/main/java/org/elasticsearch/cloud/azure/storage/AzureStorageSettings.java
  AL    /Users/ogbonnayacngwu/CSE2410_spring2016_projectileDysfunction/plugins/repository-azure/src/main/java/org/elasticsearch/cloud/azure/storage/AzureStorageSettingsFilter.java
  AL    /Users/ogbonnayacngwu/CSE2410_spring2016_projectileDysfunction/plugins/repository-azure/src/main/java/org/elasticsearch/plugin/repository/azure/AzureRepositoryPlugin.java
  AL    /Users/ogbonnayacngwu/CSE2410_spring2016_projectileDysfunction/plugins/repository-azure/src/main/java/org/elasticsearch/repositories/azure/AzureRepository.java
  AL    /Users/ogbonnayacngwu/CSE2410_spring2016_projectileDysfunction/plugins/repository-azure/src/test/java/org/elasticsearch/cloud/azure/AbstractAzureRepositoryServiceTestCase.java
  AL    /Users/ogbonnayacngwu/CSE2410_spring2016_projectileDysfunction/plugins/repository-azure/src/test/java/org/elasticsearch/cloud/azure/AbstractAzureTestCase.java
  AL    /Users/ogbonnayacngwu/CSE2410_spring2016_projectileDysfunction/plugins/repository-azure/src/test/java/org/elasticsearch/cloud/azure/AbstractAzureWithThirdPartyTestCase.java
  AL    /Users/ogbonnayacngwu/CSE2410_spring2016_projectileDysfunction/plugins/repository-azure/src/test/java/org/elasticsearch/cloud/azure/storage/AzureStorageServiceMock.java
  AL    /Users/ogbonnayacngwu/CSE2410_spring2016_projectileDysfunction/plugins/repository-azure/src/test/java/org/elasticsearch/cloud/azure/storage/AzureStorageServiceTest.java
  AL    /Users/ogbonnayacngwu/CSE2410_spring2016_projectileDysfunction/plugins/repository-azure/src/test/java/org/elasticsearch/cloud/azure/storage/AzureStorageSettingsFilterTest.java
  AL    /Users/ogbonnayacngwu/CSE2410_spring2016_projectileDysfunction/plugins/repository-azure/src/test/java/org/elasticsearch/repositories/azure/AzureRepositoryF.java
  AL    /Users/ogbonnayacngwu/CSE2410_spring2016_projectileDysfunction/plugins/repository-azure/src/test/java/org/elasticsearch/repositories/azure/AzureRepositoryRestIT.java
  AL    /Users/ogbonnayacngwu/CSE2410_spring2016_projectileDysfunction/plugins/repository-azure/src/test/java/org/elasticsearch/repositories/azure/AzureSettingsParserTest.java
  AL    /Users/ogbonnayacngwu/CSE2410_spring2016_projectileDysfunction/plugins/repository-azure/src/test/java/org/elasticsearch/repositories/azure/AzureSnapshotRestoreServiceTests.java
  AL    /Users/ogbonnayacngwu/CSE2410_spring2016_projectileDysfunction/plugins/repository-azure/src/test/java/org/elasticsearch/repositories/azure/AzureSnapshotRestoreTests.java
 
*****************************************************
 Printing headers for files without AL header...
 
 