
*****************************************************
Summary
-------
Generated at: 2016-03-29T17:38:52-04:00
Notes: 0
Binaries: 0
Archives: 0
Standards: 12

Apache Licensed: 12
Generated Documents: 0

JavaDocs are generated and so license header is optional
Generated files do not required license headers

0 Unknown Licenses

*******************************

Unapproved licenses:


*******************************

Archives:

*****************************************************
  Files with Apache License headers will be marked AL
  Binary files (which do not require AL headers) will be marked B
  Compressed archives will be marked A
  Notices, licenses etc will be marked N
  AL    /Users/ogbonnayacngwu/CSE2410_spring2016_projectileDysfunction/plugins/delete-by-query/src/main/java/org/elasticsearch/action/deletebyquery/DeleteByQueryAction.java
  AL    /Users/ogbonnayacngwu/CSE2410_spring2016_projectileDysfunction/plugins/delete-by-query/src/main/java/org/elasticsearch/action/deletebyquery/DeleteByQueryRequest.java
  AL    /Users/ogbonnayacngwu/CSE2410_spring2016_projectileDysfunction/plugins/delete-by-query/src/main/java/org/elasticsearch/action/deletebyquery/DeleteByQueryRequestBuilder.java
  AL    /Users/ogbonnayacngwu/CSE2410_spring2016_projectileDysfunction/plugins/delete-by-query/src/main/java/org/elasticsearch/action/deletebyquery/DeleteByQueryResponse.java
  AL    /Users/ogbonnayacngwu/CSE2410_spring2016_projectileDysfunction/plugins/delete-by-query/src/main/java/org/elasticsearch/action/deletebyquery/IndexDeleteByQueryResponse.java
  AL    /Users/ogbonnayacngwu/CSE2410_spring2016_projectileDysfunction/plugins/delete-by-query/src/main/java/org/elasticsearch/action/deletebyquery/TransportDeleteByQueryAction.java
  AL    /Users/ogbonnayacngwu/CSE2410_spring2016_projectileDysfunction/plugins/delete-by-query/src/main/java/org/elasticsearch/plugin/deletebyquery/DeleteByQueryPlugin.java
  AL    /Users/ogbonnayacngwu/CSE2410_spring2016_projectileDysfunction/plugins/delete-by-query/src/main/java/org/elasticsearch/rest/action/deletebyquery/RestDeleteByQueryAction.java
  AL    /Users/ogbonnayacngwu/CSE2410_spring2016_projectileDysfunction/plugins/delete-by-query/src/test/java/org/elasticsearch/action/deletebyquery/IndexDeleteByQueryResponseTests.java
  AL    /Users/ogbonnayacngwu/CSE2410_spring2016_projectileDysfunction/plugins/delete-by-query/src/test/java/org/elasticsearch/action/deletebyquery/TransportDeleteByQueryActionTests.java
  AL    /Users/ogbonnayacngwu/CSE2410_spring2016_projectileDysfunction/plugins/delete-by-query/src/test/java/org/elasticsearch/plugin/deletebyquery/DeleteByQueryTests.java
  AL    /Users/ogbonnayacngwu/CSE2410_spring2016_projectileDysfunction/plugins/delete-by-query/src/test/java/org/elasticsearch/plugin/deletebyquery/test/rest/DeleteByQueryRestIT.java
 
*****************************************************
 Printing headers for files without AL header...
 
 