
*****************************************************
Summary
-------
Generated at: 2016-04-18T03:08:58-04:00
Notes: 0
Binaries: 0
Archives: 0
Standards: 41

Apache Licensed: 41
Generated Documents: 0

JavaDocs are generated and so license header is optional
Generated files do not required license headers

0 Unknown Licenses

*******************************

Unapproved licenses:


*******************************

Archives:

*****************************************************
  Files with Apache License headers will be marked AL
  Binary files (which do not require AL headers) will be marked B
  Compressed archives will be marked A
  Notices, licenses etc will be marked N
  AL    /Users/lwiskowski/CSE2410_spring2016_projectileDysfunction/modules/lang-groovy/src/main/java/org/elasticsearch/script/groovy/GroovyPlugin.java
  AL    /Users/lwiskowski/CSE2410_spring2016_projectileDysfunction/modules/lang-groovy/src/main/java/org/elasticsearch/script/groovy/GroovyScriptEngineService.java
  AL    /Users/lwiskowski/CSE2410_spring2016_projectileDysfunction/modules/lang-groovy/src/test/java/org/elasticsearch/messy/tests/BucketScriptTests.java
  AL    /Users/lwiskowski/CSE2410_spring2016_projectileDysfunction/modules/lang-groovy/src/test/java/org/elasticsearch/messy/tests/BucketSelectorTests.java
  AL    /Users/lwiskowski/CSE2410_spring2016_projectileDysfunction/modules/lang-groovy/src/test/java/org/elasticsearch/messy/tests/BulkTests.java
  AL    /Users/lwiskowski/CSE2410_spring2016_projectileDysfunction/modules/lang-groovy/src/test/java/org/elasticsearch/messy/tests/CardinalityTests.java
  AL    /Users/lwiskowski/CSE2410_spring2016_projectileDysfunction/modules/lang-groovy/src/test/java/org/elasticsearch/messy/tests/ContextAndHeaderTransportTests.java
  AL    /Users/lwiskowski/CSE2410_spring2016_projectileDysfunction/modules/lang-groovy/src/test/java/org/elasticsearch/messy/tests/DateRangeTests.java
  AL    /Users/lwiskowski/CSE2410_spring2016_projectileDysfunction/modules/lang-groovy/src/test/java/org/elasticsearch/messy/tests/DoubleTermsTests.java
  AL    /Users/lwiskowski/CSE2410_spring2016_projectileDysfunction/modules/lang-groovy/src/test/java/org/elasticsearch/messy/tests/EquivalenceTests.java
  AL    /Users/lwiskowski/CSE2410_spring2016_projectileDysfunction/modules/lang-groovy/src/test/java/org/elasticsearch/messy/tests/ExtendedStatsTests.java
  AL    /Users/lwiskowski/CSE2410_spring2016_projectileDysfunction/modules/lang-groovy/src/test/java/org/elasticsearch/messy/tests/FunctionScoreTests.java
  AL    /Users/lwiskowski/CSE2410_spring2016_projectileDysfunction/modules/lang-groovy/src/test/java/org/elasticsearch/messy/tests/GeoDistanceTests.java
  AL    /Users/lwiskowski/CSE2410_spring2016_projectileDysfunction/modules/lang-groovy/src/test/java/org/elasticsearch/messy/tests/GeoShapeIntegrationTests.java
  AL    /Users/lwiskowski/CSE2410_spring2016_projectileDysfunction/modules/lang-groovy/src/test/java/org/elasticsearch/messy/tests/HDRPercentileRanksTests.java
  AL    /Users/lwiskowski/CSE2410_spring2016_projectileDysfunction/modules/lang-groovy/src/test/java/org/elasticsearch/messy/tests/HDRPercentilesTests.java
  AL    /Users/lwiskowski/CSE2410_spring2016_projectileDysfunction/modules/lang-groovy/src/test/java/org/elasticsearch/messy/tests/HistogramTests.java
  AL    /Users/lwiskowski/CSE2410_spring2016_projectileDysfunction/modules/lang-groovy/src/test/java/org/elasticsearch/messy/tests/IPv4RangeTests.java
  AL    /Users/lwiskowski/CSE2410_spring2016_projectileDysfunction/modules/lang-groovy/src/test/java/org/elasticsearch/messy/tests/IndexLookupTests.java
  AL    /Users/lwiskowski/CSE2410_spring2016_projectileDysfunction/modules/lang-groovy/src/test/java/org/elasticsearch/messy/tests/IndexedScriptTests.java
  AL    /Users/lwiskowski/CSE2410_spring2016_projectileDysfunction/modules/lang-groovy/src/test/java/org/elasticsearch/messy/tests/IndicesRequestTests.java
  AL    /Users/lwiskowski/CSE2410_spring2016_projectileDysfunction/modules/lang-groovy/src/test/java/org/elasticsearch/messy/tests/LongTermsTests.java
  AL    /Users/lwiskowski/CSE2410_spring2016_projectileDysfunction/modules/lang-groovy/src/test/java/org/elasticsearch/messy/tests/MaxTests.java
  AL    /Users/lwiskowski/CSE2410_spring2016_projectileDysfunction/modules/lang-groovy/src/test/java/org/elasticsearch/messy/tests/MinDocCountTests.java
  AL    /Users/lwiskowski/CSE2410_spring2016_projectileDysfunction/modules/lang-groovy/src/test/java/org/elasticsearch/messy/tests/MinTests.java
  AL    /Users/lwiskowski/CSE2410_spring2016_projectileDysfunction/modules/lang-groovy/src/test/java/org/elasticsearch/messy/tests/RandomScoreFunctionTests.java
  AL    /Users/lwiskowski/CSE2410_spring2016_projectileDysfunction/modules/lang-groovy/src/test/java/org/elasticsearch/messy/tests/RangeTests.java
  AL    /Users/lwiskowski/CSE2410_spring2016_projectileDysfunction/modules/lang-groovy/src/test/java/org/elasticsearch/messy/tests/ScriptIndexSettingsTests.java
  AL    /Users/lwiskowski/CSE2410_spring2016_projectileDysfunction/modules/lang-groovy/src/test/java/org/elasticsearch/messy/tests/ScriptQuerySearchTests.java
  AL    /Users/lwiskowski/CSE2410_spring2016_projectileDysfunction/modules/lang-groovy/src/test/java/org/elasticsearch/messy/tests/ScriptedMetricTests.java
  AL    /Users/lwiskowski/CSE2410_spring2016_projectileDysfunction/modules/lang-groovy/src/test/java/org/elasticsearch/messy/tests/SearchFieldsTests.java
  AL    /Users/lwiskowski/CSE2410_spring2016_projectileDysfunction/modules/lang-groovy/src/test/java/org/elasticsearch/messy/tests/SearchStatsTests.java
  AL    /Users/lwiskowski/CSE2410_spring2016_projectileDysfunction/modules/lang-groovy/src/test/java/org/elasticsearch/messy/tests/SimpleSortTests.java
  AL    /Users/lwiskowski/CSE2410_spring2016_projectileDysfunction/modules/lang-groovy/src/test/java/org/elasticsearch/messy/tests/StatsTests.java
  AL    /Users/lwiskowski/CSE2410_spring2016_projectileDysfunction/modules/lang-groovy/src/test/java/org/elasticsearch/messy/tests/StringTermsTests.java
  AL    /Users/lwiskowski/CSE2410_spring2016_projectileDysfunction/modules/lang-groovy/src/test/java/org/elasticsearch/messy/tests/TDigestPercentileRanksTests.java
  AL    /Users/lwiskowski/CSE2410_spring2016_projectileDysfunction/modules/lang-groovy/src/test/java/org/elasticsearch/messy/tests/TDigestPercentilesTests.java
  AL    /Users/lwiskowski/CSE2410_spring2016_projectileDysfunction/modules/lang-groovy/src/test/java/org/elasticsearch/messy/tests/package-info.java
  AL    /Users/lwiskowski/CSE2410_spring2016_projectileDysfunction/modules/lang-groovy/src/test/java/org/elasticsearch/script/groovy/GroovyRestIT.java
  AL    /Users/lwiskowski/CSE2410_spring2016_projectileDysfunction/modules/lang-groovy/src/test/java/org/elasticsearch/script/groovy/GroovyScriptTests.java
  AL    /Users/lwiskowski/CSE2410_spring2016_projectileDysfunction/modules/lang-groovy/src/test/java/org/elasticsearch/script/groovy/GroovySecurityTests.java
 
*****************************************************
 Printing headers for files without AL header...
 
 