
*****************************************************
Summary
-------
Generated at: 2016-03-29T17:40:25-04:00
Notes: 0
Binaries: 0
Archives: 0
Standards: 5

Apache Licensed: 5
Generated Documents: 0

JavaDocs are generated and so license header is optional
Generated files do not required license headers

0 Unknown Licenses

*******************************

Unapproved licenses:


*******************************

Archives:

*****************************************************
  Files with Apache License headers will be marked AL
  Binary files (which do not require AL headers) will be marked B
  Compressed archives will be marked A
  Notices, licenses etc will be marked N
  AL    /Users/ogbonnayacngwu/CSE2410_spring2016_projectileDysfunction/plugins/discovery-multicast/src/main/java/org/elasticsearch/plugin/discovery/multicast/MulticastChannel.java
  AL    /Users/ogbonnayacngwu/CSE2410_spring2016_projectileDysfunction/plugins/discovery-multicast/src/main/java/org/elasticsearch/plugin/discovery/multicast/MulticastDiscoveryPlugin.java
  AL    /Users/ogbonnayacngwu/CSE2410_spring2016_projectileDysfunction/plugins/discovery-multicast/src/main/java/org/elasticsearch/plugin/discovery/multicast/MulticastZenPing.java
  AL    /Users/ogbonnayacngwu/CSE2410_spring2016_projectileDysfunction/plugins/discovery-multicast/src/test/java/org/elasticsearch/plugin/discovery/multicast/MulticastDiscoveryRestIT.java
  AL    /Users/ogbonnayacngwu/CSE2410_spring2016_projectileDysfunction/plugins/discovery-multicast/src/test/java/org/elasticsearch/plugin/discovery/multicast/MulticastZenPingTests.java
 
*****************************************************
 Printing headers for files without AL header...
 
 